

srun: job 20996 queued and waiting for resources
srun: job 20996 has been allocated resources
===============================================
====      Stage 0: Heuristic Algorithm     ====
===============================================
[INFO] get a solution with 426 SWAP and depth 50
[INFO] get a solution for reverse circuit with 469 SWAP and depth 60
[INFO] get a solution with 431 SWAP and depth 45
[INFO] get a solution for reverse circuit with 402 SWAP and depth 54
[INFO] get a solution with 419 SWAP and depth 44
[INFO] get a solution for reverse circuit with 412 SWAP and depth 55
[INFO] Update circuit by reverseCir with 402 SWAP and depth 54
[INFO] Update circuit by reverseCir
[INFO] ASAP Scheduling: Start                                               
[INFO] ASAP Scheduling: Finish                                               
[INFO] get a solution with 421 SWAP and depth 56
[INFO] get a solution for reverse circuit with 438 SWAP and depth 62
[INFO] get a solution with 433 SWAP and depth 51
[INFO] get a solution for reverse circuit with 407 SWAP and depth 60
[INFO] get a solution with 399 SWAP and depth 64
[INFO] get a solution for reverse circuit with 421 SWAP and depth 47
[INFO] get a solution with 412 SWAP and depth 42
[INFO] get a solution for reverse circuit with 425 SWAP and depth 55
[INFO] Update circuit by forwardCir with 399 SWAP and depth 64
[INFO] get a solution with 429 SWAP and depth 52
[INFO] get a solution for reverse circuit with 472 SWAP and depth 62
[INFO] get a solution with 458 SWAP and depth 59
[INFO] get a solution for reverse circuit with 434 SWAP and depth 46
[INFO] Update circuit by forwardCir with 429 SWAP and depth 52
[INFO] get a solution with 416 SWAP and depth 60
[INFO] get a solution for reverse circuit with 449 SWAP and depth 57
[INFO] get a solution with 440 SWAP and depth 50
[INFO] get a solution for reverse circuit with 452 SWAP and depth 55
[INFO] Update circuit by forwardCir with 416 SWAP and depth 60
[INFO] get a solution with 425 SWAP and depth 61
[INFO] get a solution for reverse circuit with 468 SWAP and depth 56
[INFO] get a solution with 439 SWAP and depth 52
[INFO] get a solution for reverse circuit with 445 SWAP and depth 46
[INFO] Update circuit by forwardCir with 425 SWAP and depth 61
[INFO] get a solution with 420 SWAP and depth 59
[INFO] get a solution for reverse circuit with 464 SWAP and depth 59
[INFO] get a solution with 434 SWAP and depth 40
[INFO] get a solution for reverse circuit with 431 SWAP and depth 57
[INFO] Update circuit by forwardCir with 420 SWAP and depth 59
[INFO] get a solution with 420 SWAP and depth 63
[INFO] get a solution for reverse circuit with 468 SWAP and depth 64
[INFO] get a solution with 414 SWAP and depth 55
[INFO] get a solution for reverse circuit with 439 SWAP and depth 58
[INFO] get a solution with 435 SWAP and depth 48
[INFO] get a solution for reverse circuit with 414 SWAP and depth 42
[INFO] get a solution with 414 SWAP and depth 64
[INFO] get a solution for reverse circuit with 400 SWAP and depth 47
[INFO] get a solution with 405 SWAP and depth 51
[INFO] get a solution for reverse circuit with 400 SWAP and depth 45
[INFO] get a solution with 393 SWAP and depth 42
[INFO] get a solution for reverse circuit with 404 SWAP and depth 43
[INFO] get a solution with 404 SWAP and depth 41
[INFO] get a solution for reverse circuit with 402 SWAP and depth 50
[INFO] Update circuit by forwardCir with 393 SWAP and depth 42
[INFO] get a solution with 393 SWAP
===============================================
====            Verify Result              ====
===============================================
PASS!!!
[INFO] get a solution with 393 SWAP and depth 42
---------- Heuristic algorithm compilation time total  time usage -----------
Real: 1813.970406s; User: 1806.915671s; System: 5.878587s

===============================================
====     V Cycle 1: Non-SMT Refinement     ====
===============================================
===============================================
====          Stage 1: Clutsering          ====
===============================================
[Info] 2 Levels in V Cycle
===============================================
====   Stage 2: Coarsest level solving     ====
===============================================
[Info] OLSQ2 Layout Synthesis                        
[Info] OLSQ2 Layout Synthesis                        
[Info] Iter 0: Solving with depth range (1, 2)            
[Info] Iter 0: Generating formulation                        
[Info]          constructing variables                       
[Info]          constructing injective mapping constraint    
[Info]          constructing dependency constraint           
[Info]          constructing valid two-qubit gate constraint 
[Info]          constructing swap overlapping constraint     
[Info]          constructing mapping transformation constraint
[Info] Iter 0: Optimizing model                             
[Info]          trying to optimize for depth bound 1            
[Info]          optimization results: fail                         
---------- optimizing depth     period time usage -----------
Real: 0.503181s; User: 0.243160s; System: 0.260002s

---------- optimizing depth     total  time usage -----------
Real: 0.505553s; User: 0.245530s; System: 0.260002s

[Info] Iter 1: Solving with depth range (2, 4)            
[Info] Iter 1: Generating formulation                        
[Info]          constructing variables                       
[Info]          constructing injective mapping constraint    
[Info]          constructing dependency constraint           
[Info]          constructing valid two-qubit gate constraint 
[Info]          constructing swap overlapping constraint     
[Info]          constructing mapping transformation constraint
[Info] Iter 1: Optimizing model                             
[Info]          trying to optimize for depth bound 2            
[Info]          optimization results: fail                         
---------- optimizing depth     period time usage -----------
Real: 1.634338s; User: 1.346294s; System: 0.288005s

---------- optimizing depth     total  time usage -----------
Real: 2.222419s; User: 1.618350s; System: 0.604008s

[Info]          constructing injective mapping constraint    
[Info]          constructing valid two-qubit gate constraint 
[Info]          constructing swap overlapping constraint     
[Info]          constructing mapping transformation constraint
[Info]          trying to optimize for depth bound 3            
[Info]          optimization results: success                         
---------- optimizing depth     period time usage -----------
Real: 0.136363s; User: 0.136364s; System: 0.000000s

---------- optimizing depth     total  time usage -----------
Real: 2.360683s; User: 1.756614s; System: 0.604008s

[Info]          trying to optimize for swap bound 6            
[Info]          optimization results: success                         
---------- optimizing swap      period time usage -----------
Real: 0.168683s; User: 0.168683s; System: 0.000000s

---------- optimizing swap      total  time usage -----------
Real: 2.529779s; User: 1.925710s; System: 0.604008s

[Info]          trying to optimize for swap bound 3            
[Info]          optimization results: fail                         
---------- optimizing swap      period time usage -----------
Real: 75.272324s; User: 75.264230s; System: 0.007997s

---------- optimizing swap      total  time usage -----------
Real: 77.802691s; User: 77.190528s; System: 0.612005s

[Info] Successfully reduce SWAP count. Go to next run.            
[Info] Solving with depth 5            
[Info] Generating formulation                        
[Info]          constructing variables                       
[Info]          constructing injective mapping constraint    
[Info]          constructing dependency constraint           
[Info]          constructing valid two-qubit gate constraint 
[Info]          constructing swap overlapping constraint     
[Info]          constructing mapping transformation constraint
[Info]          trying to optimize for swap bound 3            
[Info]          optimization results: fail                         
---------- optimizing swap      period time usage -----------
Real: 100.001712s; User: 99.705495s; System: 0.295991s

---------- optimizing swap      total  time usage -----------
Real: 177.961889s; User: 176.953510s; System: 1.007995s

===============================================
====         Stage 3: Refinement           ====
===============================================
[INFO] Refine level-1,1 problem
[INFO] get a solution with 23 SWAP and depth 37
[INFO] get a solution for reverse circuit with 24 SWAP and depth 32
[INFO] get a solution with 25 SWAP and depth 33
[INFO] get a solution for reverse circuit with 24 SWAP and depth 35
[INFO] Update circuit by forwardCir with 23 SWAP and depth 37
[INFO] get a solution with 23 SWAP and depth 37
[INFO] get a solution with 23 SWAP and depth 32
[INFO] get a solution for reverse circuit with 25 SWAP and depth 42
[INFO] get a solution with 23 SWAP and depth 35
[INFO] get a solution for reverse circuit with 23 SWAP and depth 41
[INFO] Update circuit by forwardCir with 23 SWAP and depth 32
[INFO] get a solution with 23 SWAP and depth 30
[INFO] get a solution for reverse circuit with 22 SWAP and depth 37
[INFO] get a solution with 24 SWAP and depth 36
[INFO] get a solution for reverse circuit with 25 SWAP and depth 38
[INFO] Update circuit by reverseCir with 22 SWAP and depth 37
[INFO] Update circuit by reverseCir
[INFO] ASAP Scheduling: Start                                               
[INFO] ASAP Scheduling: Finish                                               
[INFO] get a solution with 23 SWAP and depth 30
[INFO] get a solution for reverse circuit with 22 SWAP and depth 40
[INFO] get a solution with 21 SWAP and depth 32
[INFO] get a solution for reverse circuit with 22 SWAP and depth 33
[INFO] get a solution with 23 SWAP and depth 35
[INFO] get a solution for reverse circuit with 24 SWAP and depth 34
[INFO] Update circuit by forwardCir with 21 SWAP and depth 32
[INFO] get a solution with 25 SWAP and depth 37
[INFO] get a solution for reverse circuit with 24 SWAP and depth 40
[INFO] get a solution with 22 SWAP and depth 39
[INFO] get a solution for reverse circuit with 22 SWAP and depth 35
[INFO] get a solution with 23 SWAP and depth 35
[INFO] get a solution for reverse circuit with 22 SWAP and depth 40
[INFO] Update circuit by reverseCir with 22 SWAP and depth 35
[INFO] Update circuit by reverseCir
[INFO] ASAP Scheduling: Start                                               
[INFO] ASAP Scheduling: Finish                                               
[INFO] get a solution with 23 SWAP and depth 31
[INFO] get a solution for reverse circuit with 24 SWAP and depth 45
[INFO] get a solution with 21 SWAP and depth 39
[INFO] get a solution for reverse circuit with 28 SWAP and depth 49
[INFO] get a solution with 25 SWAP and depth 33
[INFO] get a solution for reverse circuit with 29 SWAP and depth 46
[INFO] Update circuit by forwardCir with 21 SWAP and depth 39
[INFO] get a solution with 23 SWAP and depth 33
[INFO] get a solution for reverse circuit with 25 SWAP and depth 41
[INFO] get a solution with 23 SWAP and depth 33
[INFO] get a solution for reverse circuit with 25 SWAP and depth 47
[INFO] Update circuit by forwardCir with 23 SWAP and depth 33
[INFO] Refine level-0,0 problem
[INFO] get a solution with 128 SWAP and depth 42
[INFO] get a solution for reverse circuit with 144 SWAP and depth 54
[INFO] get a solution with 149 SWAP and depth 66
[INFO] get a solution for reverse circuit with 155 SWAP and depth 62
[INFO] Update circuit by forwardCir with 128 SWAP and depth 42
[INFO] get a solution with 128 SWAP and depth 42
[INFO] get a solution with 139 SWAP and depth 44
[INFO] get a solution for reverse circuit with 133 SWAP and depth 48
[INFO] get a solution with 118 SWAP and depth 50
[INFO] get a solution for reverse circuit with 119 SWAP and depth 44
[INFO] get a solution with 132 SWAP and depth 49
[INFO] get a solution for reverse circuit with 136 SWAP and depth 53
[INFO] Update circuit by forwardCir with 118 SWAP and depth 50
[INFO] get a solution with 120 SWAP and depth 50
[INFO] get a solution for reverse circuit with 140 SWAP and depth 64
[INFO] get a solution with 149 SWAP and depth 63
[INFO] get a solution for reverse circuit with 139 SWAP and depth 55
[INFO] Update circuit by forwardCir with 120 SWAP and depth 50
[INFO] get a solution with 137 SWAP and depth 44
[INFO] get a solution for reverse circuit with 146 SWAP and depth 54
[INFO] get a solution with 133 SWAP and depth 56
[INFO] get a solution for reverse circuit with 149 SWAP and depth 66
[INFO] get a solution with 141 SWAP and depth 61
[INFO] get a solution for reverse circuit with 158 SWAP and depth 52
[INFO] Update circuit by forwardCir with 133 SWAP and depth 56
[INFO] get a solution with 121 SWAP and depth 41
[INFO] get a solution for reverse circuit with 133 SWAP and depth 47
[INFO] get a solution with 134 SWAP and depth 46
[INFO] get a solution for reverse circuit with 133 SWAP and depth 58
[INFO] Update circuit by forwardCir with 121 SWAP and depth 41
[INFO] get a solution with 119 SWAP and depth 46
[INFO] get a solution for reverse circuit with 127 SWAP and depth 53
[INFO] get a solution with 127 SWAP and depth 51
[INFO] get a solution for reverse circuit with 135 SWAP and depth 56
[INFO] Update circuit by forwardCir with 119 SWAP and depth 46
[INFO] get a solution with 131 SWAP and depth 39
[INFO] get a solution for reverse circuit with 133 SWAP and depth 52
[INFO] get a solution with 138 SWAP and depth 47
[INFO] get a solution for reverse circuit with 144 SWAP and depth 53
[INFO] Update circuit by forwardCir with 131 SWAP and depth 39
[INFO] Refine the finest-level problem
[INFO] get a solution with 394 SWAP and depth 77
[INFO] get a solution for reverse circuit with 411 SWAP and depth 53
[INFO] get a solution with 426 SWAP and depth 51
[INFO] get a solution for reverse circuit with 441 SWAP and depth 49
[INFO] Update circuit by forwardCir with 394 SWAP and depth 77
[INFO] get a solution with 394 SWAP and depth 77
[INFO] get a solution with 356 SWAP and depth 43
[INFO] get a solution for reverse circuit with 384 SWAP and depth 52
[INFO] get a solution with 384 SWAP and depth 44
[INFO] get a solution for reverse circuit with 378 SWAP and depth 40
[INFO] Update circuit by forwardCir with 356 SWAP and depth 43
[INFO] get a solution with 387 SWAP and depth 52
[INFO] get a solution for reverse circuit with 421 SWAP and depth 49
[INFO] get a solution with 413 SWAP and depth 55
[INFO] get a solution for reverse circuit with 447 SWAP and depth 55
[INFO] Update circuit by forwardCir with 387 SWAP and depth 52
[INFO] get a solution with 373 SWAP and depth 50
[INFO] get a solution for reverse circuit with 405 SWAP and depth 48
[INFO] get a solution with 410 SWAP and depth 45
[INFO] get a solution for reverse circuit with 408 SWAP and depth 46
[INFO] Update circuit by forwardCir with 373 SWAP and depth 50
[INFO] get a solution with 393 SWAP and depth 52
[INFO] get a solution for reverse circuit with 427 SWAP and depth 43
[INFO] get a solution with 403 SWAP and depth 55
[INFO] get a solution for reverse circuit with 419 SWAP and depth 48
[INFO] Update circuit by forwardCir with 393 SWAP and depth 52
[INFO] get a solution with 389 SWAP and depth 59
[INFO] get a solution for reverse circuit with 406 SWAP and depth 55
[INFO] get a solution with 405 SWAP and depth 48
[INFO] get a solution for reverse circuit with 405 SWAP and depth 50
[INFO] Update circuit by forwardCir with 389 SWAP and depth 59
[INFO] get a solution with 380 SWAP and depth 49
[INFO] get a solution for reverse circuit with 416 SWAP and depth 50
[INFO] get a solution with 396 SWAP and depth 35
[INFO] get a solution for reverse circuit with 418 SWAP and depth 42
[INFO] Update circuit by forwardCir with 380 SWAP and depth 49
[INFO] ASAP Scheduling: Start                                               
[INFO] ASAP Scheduling: Finish                                               
===============================================
====            Verify Result              ====
===============================================
PASS!!!
[INFO] get a solution with 356 SWAP and depth 43
---------- Non-SMT refinement compilation time total  time usage -----------
Real: 3069.359804s; User: 3054.925393s; System: 12.078594s

