gate num: 8689
2Q gate num: 3400
1Q gate num: 5289
Time:  3.6380458649946377
Layout({
25: Qubit(QuantumRegister(64, 'q'), 0),
33: Qubit(QuantumRegister(64, 'q'), 1),
17: Qubit(QuantumRegister(64, 'q'), 2),
26: Qubit(QuantumRegister(64, 'q'), 3),
32: Qubit(QuantumRegister(64, 'q'), 4),
34: Qubit(QuantumRegister(64, 'q'), 5),
24: Qubit(QuantumRegister(64, 'q'), 6),
16: Qubit(QuantumRegister(64, 'q'), 7),
18: Qubit(QuantumRegister(64, 'q'), 8),
9: Qubit(QuantumRegister(64, 'q'), 9),
8: Qubit(QuantumRegister(64, 'q'), 10),
1: Qubit(QuantumRegister(64, 'q'), 11),
0: Qubit(QuantumRegister(64, 'q'), 12),
10: Qubit(QuantumRegister(64, 'q'), 13),
3: Qubit(QuantumRegister(64, 'q'), 14),
4: Qubit(QuantumRegister(64, 'q'), 15),
11: Qubit(QuantumRegister(64, 'q'), 16),
2: Qubit(QuantumRegister(64, 'q'), 17),
12: Qubit(QuantumRegister(64, 'q'), 18),
5: Qubit(QuantumRegister(64, 'q'), 19),
13: Qubit(QuantumRegister(64, 'q'), 20),
19: Qubit(QuantumRegister(64, 'q'), 21),
14: Qubit(QuantumRegister(64, 'q'), 22),
22: Qubit(QuantumRegister(64, 'q'), 23),
21: Qubit(QuantumRegister(64, 'q'), 24),
20: Qubit(QuantumRegister(64, 'q'), 25),
6: Qubit(QuantumRegister(64, 'q'), 26),
30: Qubit(QuantumRegister(64, 'q'), 27),
29: Qubit(QuantumRegister(64, 'q'), 28),
46: Qubit(QuantumRegister(64, 'q'), 29),
31: Qubit(QuantumRegister(64, 'q'), 30),
38: Qubit(QuantumRegister(64, 'q'), 31),
39: Qubit(QuantumRegister(64, 'q'), 32),
15: Qubit(QuantumRegister(64, 'q'), 33),
7: Qubit(QuantumRegister(64, 'q'), 34),
23: Qubit(QuantumRegister(64, 'q'), 35),
36: Qubit(QuantumRegister(64, 'q'), 36),
45: Qubit(QuantumRegister(64, 'q'), 37),
42: Qubit(QuantumRegister(64, 'q'), 38),
43: Qubit(QuantumRegister(64, 'q'), 39),
40: Qubit(QuantumRegister(64, 'q'), 40),
41: Qubit(QuantumRegister(64, 'q'), 41),
51: Qubit(QuantumRegister(64, 'q'), 42),
48: Qubit(QuantumRegister(64, 'q'), 43),
44: Qubit(QuantumRegister(64, 'q'), 44),
52: Qubit(QuantumRegister(64, 'q'), 45),
60: Qubit(QuantumRegister(64, 'q'), 46),
54: Qubit(QuantumRegister(64, 'q'), 47),
35: Qubit(QuantumRegister(64, 'q'), 48),
59: Qubit(QuantumRegister(64, 'q'), 49),
58: Qubit(QuantumRegister(64, 'q'), 50),
37: Qubit(QuantumRegister(64, 'q'), 51),
62: Qubit(QuantumRegister(64, 'q'), 52),
63: Qubit(QuantumRegister(64, 'q'), 53),
55: Qubit(QuantumRegister(64, 'q'), 54),
28: Qubit(QuantumRegister(64, 'q'), 55),
61: Qubit(QuantumRegister(64, 'q'), 56),
27: Qubit(QuantumRegister(64, 'q'), 57),
57: Qubit(QuantumRegister(64, 'q'), 58),
50: Qubit(QuantumRegister(64, 'q'), 59),
49: Qubit(QuantumRegister(64, 'q'), 60),
47: Qubit(QuantumRegister(64, 'q'), 61),
53: Qubit(QuantumRegister(64, 'q'), 62),
56: Qubit(QuantumRegister(64, 'q'), 63)
})
count_swap:  1344
depth: 1619
